<?xml version="1.0" encoding="UTF-8"?>
<testsuite xmlns:xsi="http://www.w3.org/2001/XMLSchema-instance" xsi:noNamespaceSchemaLocation="https://maven.apache.org/surefire/maven-surefire-plugin/xsd/surefire-test-report-3.0.xsd" version="3.0" name="com.mycompany.books.libraryTest" time="0.135" tests="13" errors="0" skipped="0" failures="0">
  <properties>
[...]
</properties>
  <testcase name="searchBookWhichIsNotAvilable" classname="com.mycompany.books.libraryTest" time="0.053"/>
  <testcase name="searchBookWhichIsNotInList" classname="com.mycompany.books.libraryTest" time="0.002"/>
  <testcase name="returnalreadyreturnedbook" classname="com.mycompany.books.libraryTest" time="0.002"/>
  <testcase name="searchBookWhichIsAvilable" classname="com.mycompany.books.libraryTest" time="0.003"/>
  <testcase name="addnull" classname="com.mycompany.books.libraryTest" time="0.002"/>
  <testcase name="returnbookwhichisnotinlist" classname="com.mycompany.books.libraryTest" time="0.002"/>
  <testcase name="returnbookwhichisneverBorrowed" classname="com.mycompany.books.libraryTest" time="0.001"/>
  <testcase name="BorrowBook" classname="com.mycompany.books.libraryTest" time="0.002"/>
  <testcase name="alreadyadded" classname="com.mycompany.books.libraryTest" time="0.002"/>
  <testcase name="BorrowalreadyboorowedBook" classname="com.mycompany.books.libraryTest" time="0.002"/>
  <testcase name="add" classname="com.mycompany.books.libraryTest" time="0.001"/>
  <testcase name="BorrownotavailableBook" classname="com.mycompany.books.libraryTest" time="0.001"/>
  <testcase name="returnbook" classname="com.mycompany.books.libraryTest" time="0.001"/>
</testsuite>